[01m[K/workspace/src/franka_test/src/joint_position_controller.cpp:169:10:[m[K [01;31m[Kfatal error: [m[Kfranka_example_controllers/hiro_joint_velocity_example_controller.h: No such file or directory
  169 | #include [01;31m[K<franka_example_controllers/hiro_joint_velocity_example_controller.h>[m[K
      |          [01;31m[K^~~~~~~~~~~~~~~~~~~~~~~~~~~~~~~~~~~~~~~~~~~~~~~~~~~~~~~~~~~~~~~~~~~~~[m[K
compilation terminated.
make[2]: *** [CMakeFiles/franka_test.dir/build.make:63: CMakeFiles/franka_test.dir/src/joint_position_controller.cpp.o] Error 1
make[1]: *** [CMakeFiles/Makefile2:577: CMakeFiles/franka_test.dir/all] Error 2
make: *** [Makefile:141: all] Error 2
